Log file open, 11/23/20 19:05:50
LogWindows: Failed to load 'aqProf.dll' (GetLastError=126)
LogWindows: File 'aqProf.dll' does not exist
LogWindows: Failed to load 'VtuneApi.dll' (GetLastError=126)
LogWindows: File 'VtuneApi.dll' does not exist
LogWindows: Failed to load 'VtuneApi32e.dll' (GetLastError=126)
LogWindows: File 'VtuneApi32e.dll' does not exist
LogConsoleResponse: Display: Failed to find resolution value strings in scalability ini. Falling back to default.
LogInit: Display: Running engine for game: U2004_05_Combat
LogPakFile: Registered encryption key '00000000000000000000000000000000': 0 pak files mounted, 0 remain pending
LogPlatformFile: Not using cached read wrapper
LogTaskGraph: Started task graph with 5 named threads and 35 total threads with 3 sets of task threads.
LogStats: Stats thread started at 0.430338
LogD3D11RHI: Loaded GFSDK_Aftermath_Lib.x64.dll
LogICUInternationalization: ICU TimeZone Detection - Raw Offset: +9:00, Platform Override: ''
LogPluginManager: Mounting plugin Paper2D
LogPluginManager: Mounting plugin AISupport
LogPluginManager: Mounting plugin LightPropagationVolume
LogPluginManager: Mounting plugin ActorLayerUtilities
LogPluginManager: Mounting plugin AnimationSharing
LogPluginManager: Mounting plugin CLionSourceCodeAccess
LogPluginManager: Mounting plugin CodeLiteSourceCodeAccess
LogPluginManager: Mounting plugin GitSourceControl
LogPluginManager: Mounting plugin KDevelopSourceCodeAccess
LogPluginManager: Mounting plugin NullSourceCodeAccess
LogPluginManager: Mounting plugin PerforceSourceControl
LogPluginManager: Mounting plugin SubversionSourceControl
LogPluginManager: Mounting plugin UObjectPlugin
LogPluginManager: Mounting plugin VisualStudioCodeSourceCodeAccess
LogPluginManager: Mounting plugin VisualStudioSourceCodeAccess
LogPluginManager: Mounting plugin XCodeSourceCodeAccess
LogPluginManager: Mounting plugin AssetManagerEditor
LogPluginManager: Mounting plugin CryptoKeys
LogPluginManager: Mounting plugin DataValidation
LogPluginManager: Mounting plugin FacialAnimation
LogPluginManager: Mounting plugin GameplayTagsEditor
LogPluginManager: Mounting plugin MacGraphicsSwitching
LogPluginManager: Mounting plugin MaterialAnalyzer
LogPluginManager: Mounting plugin MobileLauncherProfileWizard
LogPluginManager: Mounting plugin PluginBrowser
LogPluginManager: Mounting plugin SpeedTreeImporter
LogPluginManager: Mounting plugin DatasmithContent
LogPluginManager: Mounting plugin VariantManagerContent
LogPluginManager: Mounting plugin AlembicImporter
LogPluginManager: Mounting plugin AppleImageUtils
LogPluginManager: Mounting plugin AppleVision
LogPluginManager: Mounting plugin BackChannel
LogPluginManager: Mounting plugin CharacterAI
LogPluginManager: Mounting plugin GeometryCache
LogPluginManager: Mounting plugin HTML5Networking
LogPluginManager: Mounting plugin ProxyLODPlugin
LogPluginManager: Mounting plugin SkeletalReduction
LogPluginManager: Mounting plugin MagicLeap
LogPluginManager: Mounting plugin MagicLeapMedia
LogPluginManager: Mounting plugin AndroidMedia
LogPluginManager: Mounting plugin AvfMedia
LogPluginManager: Mounting plugin ImgMedia
LogPluginManager: Mounting plugin LinearTimecode
LogPluginManager: Mounting plugin MediaCompositing
LogPluginManager: Mounting plugin MediaPlayerEditor
LogPluginManager: Mounting plugin WebMMedia
LogPluginManager: Mounting plugin WmfMedia
LogPluginManager: Mounting plugin TcpMessaging
LogPluginManager: Mounting plugin UdpMessaging
LogPluginManager: Mounting plugin ActorSequence
LogPluginManager: Mounting plugin LevelSequenceEditor
LogPluginManager: Mounting plugin MatineeToLevelSequence
LogPluginManager: Mounting plugin NetcodeUnitTest
LogPluginManager: Mounting plugin NUTUnrealEngine4
LogPluginManager: Mounting plugin OnlineSubsystemGooglePlay
LogPluginManager: Mounting plugin OnlineSubsystemIOS
LogPluginManager: Mounting plugin OnlineSubsystem
LogPluginManager: Mounting plugin OnlineSubsystemNull
LogPluginManager: Mounting plugin OnlineSubsystemUtils
LogPluginManager: Mounting plugin LauncherChunkInstaller
LogPluginManager: Mounting plugin AndroidDeviceProfileSelector
LogPluginManager: Mounting plugin AndroidMoviePlayer
LogPluginManager: Mounting plugin AndroidPermission
LogPluginManager: Mounting plugin AppleMoviePlayer
LogPluginManager: Mounting plugin ArchVisCharacter
LogPluginManager: Mounting plugin AudioCapture
LogPluginManager: Mounting plugin CableComponent
LogPluginManager: Mounting plugin CustomMeshComponent
LogPluginManager: Mounting plugin EditableMesh
LogPluginManager: Mounting plugin ExampleDeviceProfileSelector
LogPluginManager: Mounting plugin Firebase
LogPluginManager: Mounting plugin GoogleCloudMessaging
LogPluginManager: Mounting plugin IOSDeviceProfileSelector
LogPluginManager: Mounting plugin LinuxDeviceProfileSelector
LogPluginManager: Mounting plugin LocationServicesBPLibrary
LogPluginManager: Mounting plugin MobilePatchingUtils
LogPluginManager: Mounting plugin OculusVR
LogPluginManager: Mounting plugin PhysXVehicles
LogPluginManager: Mounting plugin ProceduralMeshComponent
LogPluginManager: Mounting plugin RuntimePhysXCooking
LogPluginManager: Mounting plugin SignificanceManager
LogPluginManager: Mounting plugin SteamVR
LogPluginManager: Mounting plugin WebMMoviePlayer
LogPluginManager: Mounting plugin WindowsMoviePlayer
LogInit: Warning: Incompatible or missing module: U2004_05_Combat
Running C:/Program Files/Epic Games/UE_4.22/Engine/Binaries/DotNET/UnrealBuildTool.exe Development Win64 -Project="E:/ICanMakeIt/Code/UnrealEngineC/U2004_05_01_Sword3/U2004_05_Combat.uproject" -TargetType=Editor -Progress -NoHotReloadFromIDE
Using 'git status' to determine working set for adaptive non-unity build (E:\ICanMakeIt\Code\UnrealEngineC).
Creating makefile for U2004_05_CombatEditor (no existing makefile)
@progress push 5%
Parsing headers for U2004_05_CombatEditor
  Running UnrealHeaderTool "E:\ICanMakeIt\Code\UnrealEngineC\U2004_05_01_Sword3\U2004_05_Combat.uproject" "E:\ICanMakeIt\Code\UnrealEngineC\U2004_05_01_Sword3\Intermediate\Build\Win64\U2004_05_CombatEditor\Development\U2004_05_CombatEditor.uhtmanifest" -LogCmds="loginit warning, logexit warning, logdatabase error" -Unattended -WarningsAsErrors -installed
Reflection code generated for U2004_05_CombatEditor in 5.3996771 seconds
@progress pop
Using Visual Studio 2017 14.16.27023 toolchain (C:\Program Files (x86)\Microsoft Visual Studio\2017\Community\VC\Tools\MSVC\14.16.27023) and Windows 10.0.18362.0 SDK (C:\Program Files (x86)\Windows Kits\10).
Building 50 actions with 12 processes...
  @progress 'Compiling C++ source code...' 0%
  @progress 'Compiling C++ source code...' 2%
  [1/50] Default.rc2
  @progress 'Compiling C++ source code...' 4%
  [2/50] SharedPCH.Engine.cpp
  @progress 'Compiling C++ source code...' 6%
  [3/50] ISword.cpp
  @progress 'Compiling C++ source code...' 8%
  [4/50] IWeapon.cpp
  @progress 'Compiling C++ source code...' 10%
  [5/50] COptionComponent.cpp
  @progress 'Compiling C++ source code...' 12%
  [6/50] CAnimNotifyState_Equip_Sword.cpp
  @progress 'Compiling C++ source code...' 14%
  [7/50] CStateComponent.cpp
  @progress 'Compiling C++ source code...' 16%
  [8/50] CAnimNotifyState_Collision.cpp
  @progress 'Compiling C++ source code...' 18%
  [9/50] CGameMode.cpp
  @progress 'Compiling C++ source code...' 20%
  [10/50] CAnimInstance_Player.cpp
  @progress 'Compiling C++ source code...' 22%
  [11/50] CAnimNotifyState_EnableCombo.cpp
  @progress 'Compiling C++ source code...' 24%
  [12/50] CAnimNotify_CameraShake.cpp
  @progress 'Compiling C++ source code...' 26%
  [13/50] CPlayer.cpp
  @progress 'Compiling C++ source code...' 28%
  [14/50] CPlayerController.cpp
  @progress 'Compiling C++ source code...' 30%
  [15/50] CAnimInstance_Enemy.gen.cpp
  @progress 'Compiling C++ source code...' 32%
  [16/50] CAnimInstance_Player.gen.cpp
  @progress 'Compiling C++ source code...' 34%
  [17/50] CAnimNotifyState_Collision.gen.cpp
  @progress 'Compiling C++ source code...' 36%
  [18/50] CWeapon.cpp
  @progress 'Compiling C++ source code...' 38%
  [19/50] CAnimNotifyState_EnableCombo.gen.cpp
  @progress 'Compiling C++ source code...' 40%
  [20/50] CCombo.cpp
  @progress 'Compiling C++ source code...' 42%
  [21/50] CCombo_Sword.cpp
  @progress 'Compiling C++ source code...' 44%
  [22/50] CAnimNotify_EndAttack.cpp
  @progress 'Compiling C++ source code...' 46%
  [23/50] CAnimNotifyState_Equip_Sword.gen.cpp
  @progress 'Compiling C++ source code...' 48%
  [24/50] CAnimNotifyState_Sheath_Sword.gen.cpp
  @progress 'Compiling C++ source code...' 50%
  [25/50] CAnimNotify_PlayNextCombo.cpp
  @progress 'Compiling C++ source code...' 52%
  [26/50] CAnimNotifyState_Sheath_Sword.cpp
  @progress 'Compiling C++ source code...' 54%
  [27/50] CAnimNotify_CameraShake.gen.cpp
  @progress 'Compiling C++ source code...' 56%
  [28/50] CAnimNotify_EndAttack.gen.cpp
  @progress 'Compiling C++ source code...' 58%
  [29/50] CAnimNotify_PlayNextCombo.gen.cpp
  @progress 'Compiling C++ source code...' 60%
  [30/50] U2004_05_Combat.cpp
  @progress 'Compiling C++ source code...' 62%
  [31/50] CCombo.gen.cpp
  @progress 'Compiling C++ source code...' 64%
  [32/50] CCombo_Sword.gen.cpp
  @progress 'Compiling C++ source code...' 66%
  [33/50] COptionComponent.gen.cpp
  @progress 'Compiling C++ source code...' 68%
  [34/50] CEnemy.gen.cpp
  @progress 'Compiling C++ source code...' 70%
  [35/50] CPlayerController.gen.cpp
  @progress 'Compiling C++ source code...' 72%
  [36/50] CStateComponent.gen.cpp
  @progress 'Compiling C++ source code...' 74%
  [37/50] CPlayer.gen.cpp
  @progress 'Compiling C++ source code...' 76%
  [38/50] CEnemy.cpp
  @progress 'Compiling C++ source code...' 78%
  [39/50] CWeapon.gen.cpp
  @progress 'Compiling C++ source code...' 80%
  [40/50] U2004_05_Combat.init.gen.cpp
  @progress 'Compiling C++ source code...' 82%
  [41/50] ISword.gen.cpp
  @progress 'Compiling C++ source code...' 84%
  [42/50] IWeapon.gen.cpp
  @progress 'Compiling C++ source code...' 86%
  [43/50] CUserWidget_HealthBar.cpp
  @progress 'Compiling C++ source code...' 88%
  [44/50] CGameMode.gen.cpp
  @progress 'Compiling C++ source code...' 90%
  [45/50] CAnimInstance_Enemy.cpp
  @progress 'Compiling C++ source code...' 92%
  [46/50] CUserWidget_HealthBar.gen.cpp
  @progress 'Compiling C++ source code...' 94%
  [47/50] CLog.cpp
  @progress 'Compiling C++ source code...' 96%
  [48/50] UE4Editor-U2004_05_Combat.lib
     E:\ICanMakeIt\Code\UnrealEngineC\U2004_05_01_Sword3\Intermediate\Build\Win64\UE4Editor\Development\U2004_05_Combat\UE4Editor-U2004_05_Combat.lib ???̺귯?? ?? E:\ICanMakeIt\Code\UnrealEngineC\U2004_05_01_Sword3\Intermediate\Build\Win64\UE4Editor\Development\U2004_05_Combat\UE4Editor-U2004_05_Combat.exp ??ü?? ?????ϰ? ?ֽ??ϴ?.
  @progress 'Compiling C++ source code...' 98%
  [49/50] UE4Editor-U2004_05_Combat.dll
     E:\ICanMakeIt\Code\UnrealEngineC\U2004_05_01_Sword3\Intermediate\Build\Win64\UE4Editor\Development\U2004_05_Combat\UE4Editor-U2004_05_Combat.suppressed.lib ???̺귯?? ?? E:\ICanMakeIt\Code\UnrealEngineC\U2004_05_01_Sword3\Intermediate\Build\Win64\UE4Editor\Development\U2004_05_Combat\UE4Editor-U2004_05_Combat.suppressed.exp ??ü?? ?????ϰ? ?ֽ??ϴ?.
  @progress 'Compiling C++ source code...' 100%
  [50/50] U2004_05_CombatEditor.target
Total time in Parallel executor: 35.21 seconds
Total execution time: 49.40 seconds
LogInit: Using libcurl 7.55.1-DEV
LogInit:  - built for x86_64-pc-win32
LogInit:  - supports SSL with OpenSSL/1.1.1
LogInit:  - supports HTTP deflate (compression) using libz 1.2.8
LogInit:  - other features:
LogInit:      CURL_VERSION_SSL
LogInit:      CURL_VERSION_LIBZ
LogInit:      CURL_VERSION_IPV6
LogInit:      CURL_VERSION_ASYNCHDNS
LogInit:      CURL_VERSION_LARGEFILE
LogInit:      CURL_VERSION_IDN
LogInit:  CurlRequestOptions (configurable via config and command line):
LogInit:  - bVerifyPeer = true  - Libcurl will verify peer certificate
LogInit:  - bUseHttpProxy = false  - Libcurl will NOT use HTTP proxy
LogInit:  - bDontReuseConnections = false  - Libcurl will reuse connections
LogInit:  - MaxHostConnections = 16  - Libcurl will limit the number of connections to a host
LogInit:  - LocalHostAddr = Default
LogInit:  - BufferSize = 65536
LogInit: WinSock: version 1.1 (2.2), MaxSocks=32767, MaxUdp=65467
LogInit: Build: ++UE4+Release-4.22-CL-7053642
LogInit: Engine Version: 4.22.3-7053642+++UE4+Release-4.22
LogInit: Compatible Engine Version: 4.22.0-5660361+++UE4+Release-4.22
LogInit: Net CL: 5660361
LogInit: OS: Windows 10 (Release 1909) (), CPU: Intel(R) Core(TM) i7-9750H CPU @ 2.60GHz, GPU: Intel(R) UHD Graphics 630
LogInit: Compiled (64-bit): Jun 18 2019 03:09:11
LogInit: Compiled with Visual C++: 19.16.27025.01
LogInit: Build Configuration: Development
LogInit: Branch Name: ++UE4+Release-4.22
LogInit: Command Line: 
LogInit: Base Directory: C:/Program Files/Epic Games/UE_4.22/Engine/Binaries/Win64/
LogInit: Installed Engine Build: 1
LogDevObjectVersion: Number of dev versions registered: 23
LogDevObjectVersion:   Dev-Blueprints (B0D832E4-1F89-4F0D-ACCF-7EB736FD4AA2): 10
LogDevObjectVersion:   Dev-Build (E1C64328-A22C-4D53-A36C-8E866417BD8C): 0
LogDevObjectVersion:   Dev-Core (375EC13C-06E4-48FB-B500-84F0262A717E): 3
LogDevObjectVersion:   Dev-Editor (E4B068ED-F494-42E9-A231-DA0B2E46BB41): 30
LogDevObjectVersion:   Dev-Framework (CFFC743F-43B0-4480-9391-14DF171D2073): 35
LogDevObjectVersion:   Dev-Mobile (B02B49B5-BB20-44E9-A304-32B752E40360): 2
LogDevObjectVersion:   Dev-Networking (A4E4105C-59A1-49B5-A7C5-40C4547EDFEE): 0
LogDevObjectVersion:   Dev-Online (39C831C9-5AE6-47DC-9A44-9C173E1C8E7C): 0
LogDevObjectVersion:   Dev-Physics (78F01B33-EBEA-4F98-B9B4-84EACCB95AA2): 0
LogDevObjectVersion:   Dev-Platform (6631380F-2D4D-43E0-8009-CF276956A95A): 0
LogDevObjectVersion:   Dev-Rendering (12F88B9F-8875-4AFC-A67C-D90C383ABD29): 28
LogDevObjectVersion:   Dev-Sequencer (7B5AE74C-D270-4C10-A958-57980B212A5A): 11
LogDevObjectVersion:   Dev-VR (D7296918-1DD6-4BDD-9DE2-64A83CC13884): 2
LogDevObjectVersion:   Dev-LoadTimes (C2A15278-BFE7-4AFE-6C17-90FF531DF755): 1
LogDevObjectVersion:   Private-Geometry (6EACA3D4-40EC-4CC1-B786-8BED09428FC5): 3
LogDevObjectVersion:   Dev-AnimPhys (29E575DD-E0A3-4627-9D10-D276232CDCEA): 17
LogDevObjectVersion:   Dev-Anim (AF43A65D-7FD3-4947-9873-3E8ED9C1BB05): 2
LogDevObjectVersion:   Dev-ReflectionCapture (6B266CEC-1EC7-4B8F-A30B-E4D90942FC07): 1
LogDevObjectVersion:   Dev-Automation (0DF73D61-A23F-47EA-B727-89E90C41499A): 1
LogDevObjectVersion:   FortniteMain (601D1886-AC64-4F84-AA16-D3DE0DEAC7D6): 25
LogDevObjectVersion:   Dev-Enterprise (9DFFBCD6-494F-0158-E221-12823C92A888): 6
LogDevObjectVersion:   Dev-Niagara (F2AED0AC-9AFE-416F-8664-AA7FFA26D6FC): 1
LogDevObjectVersion:   Dev-Destruction (174F1F0B-B4C6-45A5-B13F-2EE8D0FB917D): 2
LogInit: Presizing for max 16777216 objects, including 0 objects not considered by GC, pre-allocating 0 bytes for permanent pool.
LogInit: Object subsystem initialized
LogConfig: Setting CVar [[con.DebugEarlyDefault:1]]
LogConfig: Setting CVar [[r.setres:1280x720]]
[2020.11.23-10.06.42:007][  0]LogConfig: Setting CVar [[r.VSync:0]]
[2020.11.23-10.06.42:007][  0]LogConfig: Setting CVar [[r.RHICmdBypass:0]]
[2020.11.23-10.06.42:007][  0]LogConfig: Applying CVar settings from Section [/Script/Engine.RendererSettings] File [E:/ICanMakeIt/Code/UnrealEngineC/U2004_05_01_Sword3/Saved/Config/Windows/Engine.ini]
[2020.11.23-10.06.42:007][  0]LogConfig: Setting CVar [[r.GPUCrashDebugging:0]]
[2020.11.23-10.06.42:007][  0]LogConfig: Setting CVar [[r.DefaultFeature.AutoExposure.ExtendDefaultLuminanceRange:1]]
[2020.11.23-10.06.42:007][  0]LogConfig: Applying CVar settings from Section [/Script/Engine.RendererOverrideSettings] File [E:/ICanMakeIt/Code/UnrealEngineC/U2004_05_01_Sword3/Saved/Config/Windows/Engine.ini]
[2020.11.23-10.06.42:007][  0]LogConfig: Applying CVar settings from Section [/Script/Engine.StreamingSettings] File [E:/ICanMakeIt/Code/UnrealEngineC/U2004_05_01_Sword3/Saved/Config/Windows/Engine.ini]
[2020.11.23-10.06.42:007][  0]LogConfig: Setting CVar [[s.MinBulkDataSizeForAsyncLoading:131072]]
[2020.11.23-10.06.42:007][  0]LogConfig: Setting CVar [[s.AsyncLoadingThreadEnabled:0]]
[2020.11.23-10.06.42:007][  0]LogConfig: Setting CVar [[s.EventDrivenLoaderEnabled:1]]
[2020.11.23-10.06.42:007][  0]LogConfig: Setting CVar [[s.WarnIfTimeLimitExceeded:0]]
[2020.11.23-10.06.42:007][  0]LogConfig: Setting CVar [[s.TimeLimitExceededMultiplier:1.5]]
[2020.11.23-10.06.42:007][  0]LogConfig: Setting CVar [[s.TimeLimitExceededMinTime:0.005]]
[2020.11.23-10.06.42:007][  0]LogConfig: Setting CVar [[s.UseBackgroundLevelStreaming:1]]
[2020.11.23-10.06.42:007][  0]LogConfig: Setting CVar [[s.PriorityAsyncLoadingExtraTime:15.0]]
[2020.11.23-10.06.42:007][  0]LogConfig: Setting CVar [[s.LevelStreamingActorsUpdateTimeLimit:5.0]]
[2020.11.23-10.06.42:007][  0]LogConfig: Setting CVar [[s.PriorityLevelStreamingActorsUpdateExtraTime:5.0]]
[2020.11.23-10.06.42:007][  0]LogConfig: Setting CVar [[s.LevelStreamingComponentsRegistrationGranularity:10]]
[2020.11.23-10.06.42:007][  0]LogConfig: Setting CVar [[s.UnregisterComponentsTimeLimit:1.0]]
[2020.11.23-10.06.42:007][  0]LogConfig: Setting CVar [[s.LevelStreamingComponentsUnregistrationGranularity:5]]
[2020.11.23-10.06.42:007][  0]LogConfig: Applying CVar settings from Section [/Script/Engine.GarbageCollectionSettings] File [E:/ICanMakeIt/Code/UnrealEngineC/U2004_05_01_Sword3/Saved/Config/Windows/Engine.ini]
[2020.11.23-10.06.42:007][  0]LogConfig: Setting CVar [[gc.MaxObjectsNotConsideredByGC:1]]
[2020.11.23-10.06.42:007][  0]LogConfig: Setting CVar [[gc.SizeOfPermanentObjectPool:0]]
[2020.11.23-10.06.42:007][  0]LogConfig: Setting CVar [[gc.FlushStreamingOnGC:0]]
[2020.11.23-10.06.42:007][  0]LogConfig: Setting CVar [[gc.NumRetriesBeforeForcingGC:10]]
[2020.11.23-10.06.42:007][  0]LogConfig: Setting CVar [[gc.AllowParallelGC:1]]
[2020.11.23-10.06.42:007][  0]LogConfig: Setting CVar [[gc.TimeBetweenPurgingPendingKillObjects:61.1]]
[2020.11.23-10.06.42:007][  0]LogConfig: Setting CVar [[gc.MaxObjectsInEditor:16777216]]
[2020.11.23-10.06.42:007][  0]LogConfig: Setting CVar [[gc.IncrementalBeginDestroyEnabled:1]]
[2020.11.23-10.06.42:007][  0]LogConfig: Setting CVar [[gc.CreateGCClusters:1]]
[2020.11.23-10.06.42:007][  0]LogConfig: Setting CVar [[gc.MinGCClusterSize:5]]
[2020.11.23-10.06.42:007][  0]LogConfig: Setting CVar [[gc.ActorClusteringEnabled:0]]
[2020.11.23-10.06.42:007][  0]LogConfig: Setting CVar [[gc.BlueprintClusteringEnabled:0]]
[2020.11.23-10.06.42:007][  0]LogConfig: Setting CVar [[gc.UseDisregardForGCOnDedicatedServers:0]]
[2020.11.23-10.06.42:007][  0]LogConfig: Applying CVar settings from Section [/Script/Engine.NetworkSettings] File [E:/ICanMakeIt/Code/UnrealEngineC/U2004_05_01_Sword3/Saved/Config/Windows/Engine.ini]
[2020.11.23-10.06.42:007][  0]LogConfig: Applying CVar settings from Section [/Script/UnrealEd.CookerSettings] File [E:/ICanMakeIt/Code/UnrealEngineC/U2004_05_01_Sword3/Saved/Config/Windows/Engine.ini]
[2020.11.23-10.06.42:012][  0]LogConfig: Applying CVar settings from Section [ViewDistanceQuality@3] File [E:/ICanMakeIt/Code/UnrealEngineC/U2004_05_01_Sword3/Saved/Config/Windows/Scalability.ini]
[2020.11.23-10.06.42:012][  0]LogConfig: Setting CVar [[r.SkeletalMeshLODBias:0]]
[2020.11.23-10.06.42:012][  0]LogConfig: Setting CVar [[r.ViewDistanceScale:1.0]]
[2020.11.23-10.06.42:012][  0]LogConfig: Applying CVar settings from Section [AntiAliasingQuality@3] File [E:/ICanMakeIt/Code/UnrealEngineC/U2004_05_01_Sword3/Saved/Config/Windows/Scalability.ini]
[2020.11.23-10.06.42:012][  0]LogConfig: Setting CVar [[r.PostProcessAAQuality:4]]
[2020.11.23-10.06.42:012][  0]LogConfig: Applying CVar settings from Section [ShadowQuality@3] File [E:/ICanMakeIt/Code/UnrealEngineC/U2004_05_01_Sword3/Saved/Config/Windows/Scalability.ini]
[2020.11.23-10.06.42:012][  0]LogConfig: Setting CVar [[r.LightFunctionQuality:1]]
[2020.11.23-10.06.42:012][  0]LogConfig: Setting CVar [[r.ShadowQuality:5]]
[2020.11.23-10.06.42:012][  0]LogConfig: Setting CVar [[r.Shadow.CSM.MaxCascades:10]]
[2020.11.23-10.06.42:012][  0]LogConfig: Setting CVar [[r.Shadow.MaxResolution:2048]]
[2020.11.23-10.06.42:012][  0]LogConfig: Setting CVar [[r.Shadow.MaxCSMResolution:2048]]
[2020.11.23-10.06.42:012][  0]LogConfig: Setting CVar [[r.Shadow.RadiusThreshold:0.01]]
[2020.11.23-10.06.42:012][  0]LogConfig: Setting CVar [[r.Shadow.DistanceScale:1.0]]
[2020.11.23-10.06.42:012][  0]LogConfig: Setting CVar [[r.Shadow.CSM.TransitionScale:1.0]]
[2020.11.23-10.06.42:012][  0]LogConfig: Setting CVar [[r.Shadow.PreShadowResolutionFactor:1.0]]
[2020.11.23-10.06.42:012][  0]LogConfig: Setting CVar [[r.DistanceFieldShadowing:1]]
[2020.11.23-10.06.42:012][  0]LogConfig: Setting CVar [[r.DistanceFieldAO:1]]
[2020.11.23-10.06.42:012][  0]LogConfig: Setting CVar [[r.AOQuality:2]]
[2020.11.23-10.06.42:012][  0]LogConfig: Setting CVar [[r.VolumetricFog:1]]
[2020.11.23-10.06.42:012][  0]LogConfig: Setting CVar [[r.VolumetricFog.GridPixelSize:8]]
[2020.11.23-10.06.42:012][  0]LogConfig: Setting CVar [[r.VolumetricFog.GridSizeZ:128]]
[2020.11.23-10.06.42:012][  0]LogConfig: Setting CVar [[r.VolumetricFog.HistoryMissSupersampleCount:4]]
[2020.11.23-10.06.42:012][  0]LogConfig: Setting CVar [[r.LightMaxDrawDistanceScale:1]]
[2020.11.23-10.06.42:012][  0]LogConfig: Setting CVar [[r.CapsuleShadows:1]]
[2020.11.23-10.06.42:012][  0]LogConfig: Applying CVar settings from Section [PostProcessQuality@3] File [E:/ICanMakeIt/Code/UnrealEngineC/U2004_05_01_Sword3/Saved/Config/Windows/Scalability.ini]
[2020.11.23-10.06.42:012][  0]LogConfig: Setting CVar [[r.MotionBlurQuality:4]]
[2020.11.23-10.06.42:012][  0]LogConfig: Setting CVar [[r.AmbientOcclusionMipLevelFactor:0.4]]
[2020.11.23-10.06.42:012][  0]LogConfig: Setting CVar [[r.AmbientOcclusionMaxQuality:100]]
[2020.11.23-10.06.42:012][  0]LogConfig: Setting CVar [[r.AmbientOcclusionLevels:-1]]
[2020.11.23-10.06.42:012][  0]LogConfig: Setting CVar [[r.AmbientOcclusionRadiusScale:1.0]]
[2020.11.23-10.06.42:012][  0]LogConfig: Setting CVar [[r.DepthOfFieldQuality:2]]
[2020.11.23-10.06.42:012][  0]LogConfig: Setting CVar [[r.RenderTargetPoolMin:400]]
[2020.11.23-10.06.42:012][  0]LogConfig: Setting CVar [[r.LensFlareQuality:2]]
[2020.11.23-10.06.42:012][  0]LogConfig: Setting CVar [[r.SceneColorFringeQuality:1]]
[2020.11.23-10.06.42:012][  0]LogConfig: Setting CVar [[r.EyeAdaptationQuality:2]]
[2020.11.23-10.06.42:012][  0]LogConfig: Setting CVar [[r.BloomQuality:5]]
[2020.11.23-10.06.42:012][  0]LogConfig: Setting CVar [[r.FastBlurThreshold:100]]
[2020.11.23-10.06.42:012][  0]LogConfig: Setting CVar [[r.Upscale.Quality:3]]
[2020.11.23-10.06.42:012][  0]LogConfig: Setting CVar [[r.Tonemapper.GrainQuantization:1]]
[2020.11.23-10.06.42:012][  0]LogConfig: Setting CVar [[r.LightShaftQuality:1]]
[2020.11.23-10.06.42:012][  0]LogConfig: Setting CVar [[r.Filter.SizeScale:1]]
[2020.11.23-10.06.42:012][  0]LogConfig: Setting CVar [[r.Tonemapper.Quality:5]]
[2020.11.23-10.06.42:012][  0]LogConfig: Setting CVar [[r.DOF.Gather.AccumulatorQuality:1        ; higher gathering accumulator quality]]
[2020.11.23-10.06.42:012][  0]LogConfig: Setting CVar [[r.DOF.Gather.PostfilterMethod:1          ; Median3x3 postfilering method]]
[2020.11.23-10.06.42:012][  0]LogConfig: Setting CVar [[r.DOF.Gather.EnableBokehSettings:0       ; no bokeh simulation when gathering]]
[2020.11.23-10.06.42:012][  0]LogConfig: Setting CVar [[r.DOF.Gather.RingCount:4                 ; medium number of samples when gathering]]
[2020.11.23-10.06.42:012][  0]LogConfig: Setting CVar [[r.DOF.Scatter.ForegroundCompositing:1    ; additive foreground scattering]]
[2020.11.23-10.06.42:012][  0]LogConfig: Setting CVar [[r.DOF.Scatter.BackgroundCompositing:2    ; additive background scattering]]
[2020.11.23-10.06.42:012][  0]LogConfig: Setting CVar [[r.DOF.Scatter.EnableBokehSettings:1      ; bokeh simulation when scattering]]
[2020.11.23-10.06.42:012][  0]LogConfig: Setting CVar [[r.DOF.Scatter.MaxSpriteRatio:0.1         ; only a maximum of 10% of scattered bokeh]]
[2020.11.23-10.06.42:012][  0]LogConfig: Setting CVar [[r.DOF.Recombine.Quality:1                ; cheap slight out of focus]]
[2020.11.23-10.06.42:012][  0]LogConfig: Setting CVar [[r.DOF.Recombine.EnableBokehSettings:0    ; no bokeh simulation on slight out of focus]]
[2020.11.23-10.06.42:012][  0]LogConfig: Setting CVar [[r.DOF.TemporalAAQuality:1                ; more stable temporal accumulation]]
[2020.11.23-10.06.42:012][  0]LogConfig: Setting CVar [[r.DOF.Kernel.MaxForegroundRadius:0.025]]
[2020.11.23-10.06.42:012][  0]LogConfig: Setting CVar [[r.DOF.Kernel.MaxBackgroundRadius:0.025]]
[2020.11.23-10.06.42:012][  0]LogConfig: Applying CVar settings from Section [TextureQuality@3] File [E:/ICanMakeIt/Code/UnrealEngineC/U2004_05_01_Sword3/Saved/Config/Windows/Scalability.ini]
[2020.11.23-10.06.42:012][  0]LogConfig: Setting CVar [[r.Streaming.MipBias:0]]
[2020.11.23-10.06.42:012][  0]LogConfig: Setting CVar [[r.Streaming.AmortizeCPUToGPUCopy:0]]
[2020.11.23-10.06.42:012][  0]LogConfig: Setting CVar [[r.Streaming.MaxNumTexturesToStreamPerFrame:0]]
[2020.11.23-10.06.42:012][  0]LogConfig: Setting CVar [[r.Streaming.Boost:1]]
[2020.11.23-10.06.42:012][  0]LogConfig: Setting CVar [[r.MaxAnisotropy:8]]
[2020.11.23-10.06.42:013][  0]LogConfig: Setting CVar [[r.Streaming.LimitPoolSizeToVRAM:0]]
[2020.11.23-10.06.42:013][  0]LogConfig: Setting CVar [[r.Streaming.PoolSize:1000]]
[2020.11.23-10.06.42:013][  0]LogConfig: Setting CVar [[r.Streaming.MaxEffectiveScreenSize:0]]
[2020.11.23-10.06.42:013][  0]LogConfig: Applying CVar settings from Section [EffectsQuality@3] File [E:/ICanMakeIt/Code/UnrealEngineC/U2004_05_01_Sword3/Saved/Config/Windows/Scalability.ini]
[2020.11.23-10.06.42:013][  0]LogConfig: Setting CVar [[r.TranslucencyLightingVolumeDim:64]]
[2020.11.23-10.06.42:013][  0]LogConfig: Setting CVar [[r.RefractionQuality:2]]
[2020.11.23-10.06.42:013][  0]LogConfig: Setting CVar [[r.SSR.Quality:3]]
[2020.11.23-10.06.42:013][  0]LogConfig: Setting CVar [[r.SceneColorFormat:4]]
[2020.11.23-10.06.42:013][  0]LogConfig: Setting CVar [[r.DetailMode:2]]
[2020.11.23-10.06.42:013][  0]LogConfig: Setting CVar [[r.TranslucencyVolumeBlur:1]]
[2020.11.23-10.06.42:013][  0]LogConfig: Setting CVar [[r.MaterialQualityLevel:1 ; High quality]]
[2020.11.23-10.06.42:013][  0]LogConfig: Setting CVar [[r.SSS.Scale:1]]
[2020.11.23-10.06.42:013][  0]LogConfig: Setting CVar [[r.SSS.SampleSet:2]]
[2020.11.23-10.06.42:013][  0]LogConfig: Setting CVar [[r.SSS.Quality:1]]
[2020.11.23-10.06.42:013][  0]LogConfig: Setting CVar [[r.SSS.HalfRes:1]]
[2020.11.23-10.06.42:013][  0]LogConfig: Setting CVar [[r.EmitterSpawnRateScale:1.0]]
[2020.11.23-10.06.42:013][  0]LogConfig: Setting CVar [[r.ParticleLightQuality:2]]
[2020.11.23-10.06.42:013][  0]LogConfig: Applying CVar settings from Section [FoliageQuality@3] File [E:/ICanMakeIt/Code/UnrealEngineC/U2004_05_01_Sword3/Saved/Config/Windows/Scalability.ini]
[2020.11.23-10.06.42:013][  0]LogConfig: Setting CVar [[foliage.DensityScale:1.0]]
[2020.11.23-10.06.42:013][  0]LogConfig: Setting CVar [[grass.DensityScale:1.0]]
[2020.11.23-10.06.42:013][  0]LogInit: Selected Device Profile: [Windows]
[2020.11.23-10.06.42:013][  0]LogInit: Applying CVar settings loaded from the selected device profile: [Windows]
[2020.11.23-10.06.42:028][  0]LogHAL: Display: Platform has ~ 16 GB [17013805056 / 17179869184 / 16], which maps to Larger [LargestMinGB=32, LargerMinGB=12, DefaultMinGB=8, SmallerMinGB=6, SmallestMinGB=0)
[2020.11.23-10.06.42:028][  0]LogConfig: Setting CVar [[r.Vulkan.UseRealUBs:0		; Required until we fix HLR fall-out]]
[2020.11.23-10.06.42:028][  0]LogInit: Going up to parent DeviceProfile []
[2020.11.23-10.06.42:028][  0]LogConfig: Applying CVar settings from Section [ViewDistanceQuality@1] File [E:/ICanMakeIt/Code/UnrealEngineC/U2004_05_01_Sword3/Saved/Config/Windows/Scalability.ini]
[2020.11.23-10.06.42:028][  0]LogConfig: Setting CVar [[r.SkeletalMeshLODBias:1]]
[2020.11.23-10.06.42:028][  0]LogConfig: Setting CVar [[r.ViewDistanceScale:0.6]]
[2020.11.23-10.06.42:028][  0]LogConfig: Applying CVar settings from Section [AntiAliasingQuality@3] File [E:/ICanMakeIt/Code/UnrealEngineC/U2004_05_01_Sword3/Saved/Config/Windows/Scalability.ini]
[2020.11.23-10.06.42:029][  0]LogConfig: Setting CVar [[r.PostProcessAAQuality:4]]
[2020.11.23-10.06.42:029][  0]LogConfig: Applying CVar settings from Section [ShadowQuality@1] File [E:/ICanMakeIt/Code/UnrealEngineC/U2004_05_01_Sword3/Saved/Config/Windows/Scalability.ini]
[2020.11.23-10.06.42:029][  0]LogConfig: Setting CVar [[r.LightFunctionQuality:1]]
[2020.11.23-10.06.42:029][  0]LogConfig: Setting CVar [[r.ShadowQuality:3]]
[2020.11.23-10.06.42:029][  0]LogConfig: Setting CVar [[r.Shadow.CSM.MaxCascades:1]]
[2020.11.23-10.06.42:029][  0]LogConfig: Setting CVar [[r.Shadow.MaxResolution:1024]]
[2020.11.23-10.06.42:029][  0]LogConfig: Setting CVar [[r.Shadow.MaxCSMResolution:1024]]
[2020.11.23-10.06.42:029][  0]LogConfig: Setting CVar [[r.Shadow.RadiusThreshold:0.05]]
[2020.11.23-10.06.42:029][  0]LogConfig: Setting CVar [[r.Shadow.DistanceScale:0.7]]
[2020.11.23-10.06.42:029][  0]LogConfig: Setting CVar [[r.Shadow.CSM.TransitionScale:0.25]]
[2020.11.23-10.06.42:029][  0]LogConfig: Setting CVar [[r.Shadow.PreShadowResolutionFactor:0.5]]
[2020.11.23-10.06.42:029][  0]LogConfig: Setting CVar [[r.DistanceFieldShadowing:0]]
[2020.11.23-10.06.42:029][  0]LogConfig: Setting CVar [[r.DistanceFieldAO:0]]
[2020.11.23-10.06.42:029][  0]LogConfig: Setting CVar [[r.VolumetricFog:0]]
[2020.11.23-10.06.42:029][  0]LogConfig: Setting CVar [[r.LightMaxDrawDistanceScale:.5]]
[2020.11.23-10.06.42:029][  0]LogConfig: Setting CVar [[r.CapsuleShadows:1]]
[2020.11.23-10.06.42:029][  0]LogConfig: Applying CVar settings from Section [PostProcessQuality@3] File [E:/ICanMakeIt/Code/UnrealEngineC/U2004_05_01_Sword3/Saved/Config/Windows/Scalability.ini]
[2020.11.23-10.06.42:029][  0]LogConfig: Setting CVar [[r.MotionBlurQuality:4]]
[2020.11.23-10.06.42:029][  0]LogConfig: Setting CVar [[r.AmbientOcclusionMipLevelFactor:0.4]]
[2020.11.23-10.06.42:029][  0]LogConfig: Setting CVar [[r.AmbientOcclusionMaxQuality:100]]
[2020.11.23-10.06.42:029][  0]LogConfig: Setting CVar [[r.AmbientOcclusionLevels:-1]]
[2020.11.23-10.06.42:029][  0]LogConfig: Setting CVar [[r.AmbientOcclusionRadiusScale:1.0]]
[2020.11.23-10.06.42:029][  0]LogConfig: Setting CVar [[r.DepthOfFieldQuality:2]]
[2020.11.23-10.06.42:029][  0]LogConfig: Setting CVar [[r.RenderTargetPoolMin:400]]
[2020.11.23-10.06.42:029][  0]LogConfig: Setting CVar [[r.LensFlareQuality:2]]
[2020.11.23-10.06.42:029][  0]LogConfig: Setting CVar [[r.SceneColorFringeQuality:1]]
[2020.11.23-10.06.42:029][  0]LogConfig: Setting CVar [[r.EyeAdaptationQuality:2]]
[2020.11.23-10.06.42:029][  0]LogConfig: Setting CVar [[r.BloomQuality:5]]
[2020.11.23-10.06.42:029][  0]LogConfig: Setting CVar [[r.FastBlurThreshold:100]]
[2020.11.23-10.06.42:029][  0]LogConfig: Setting CVar [[r.Upscale.Quality:3]]
[2020.11.23-10.06.42:029][  0]LogConfig: Setting CVar [[r.Tonemapper.GrainQuantization:1]]
[2020.11.23-10.06.42:029][  0]LogConfig: Setting CVar [[r.LightShaftQuality:1]]
[2020.11.23-10.06.42:029][  0]LogConfig: Setting CVar [[r.Filter.SizeScale:1]]
[2020.11.23-10.06.42:029][  0]LogConfig: Setting CVar [[r.Tonemapper.Quality:5]]
[2020.11.23-10.06.42:029][  0]LogConfig: Setting CVar [[r.DOF.Gather.AccumulatorQuality:1        ; higher gathering accumulator quality]]
[2020.11.23-10.06.42:029][  0]LogConfig: Setting CVar [[r.DOF.Gather.PostfilterMethod:1          ; Median3x3 postfilering method]]
[2020.11.23-10.06.42:029][  0]LogConfig: Setting CVar [[r.DOF.Gather.EnableBokehSettings:0       ; no bokeh simulation when gathering]]
[2020.11.23-10.06.42:029][  0]LogConfig: Setting CVar [[r.DOF.Gather.RingCount:4                 ; medium number of samples when gathering]]
[2020.11.23-10.06.42:029][  0]LogConfig: Setting CVar [[r.DOF.Scatter.ForegroundCompositing:1    ; additive foreground scattering]]
[2020.11.23-10.06.42:029][  0]LogConfig: Setting CVar [[r.DOF.Scatter.BackgroundCompositing:2    ; additive background scattering]]
[2020.11.23-10.06.42:029][  0]LogConfig: Setting CVar [[r.DOF.Scatter.EnableBokehSettings:1      ; bokeh simulation when scattering]]
[2020.11.23-10.06.42:029][  0]LogConfig: Setting CVar [[r.DOF.Scatter.MaxSpriteRatio:0.1         ; only a maximum of 10% of scattered bokeh]]
[2020.11.23-10.06.42:029][  0]LogConfig: Setting CVar [[r.DOF.Recombine.Quality:1                ; cheap slight out of focus]]
[2020.11.23-10.06.42:029][  0]LogConfig: Setting CVar [[r.DOF.Recombine.EnableBokehSettings:0    ; no bokeh simulation on slight out of focus]]
[2020.11.23-10.06.42:029][  0]LogConfig: Setting CVar [[r.DOF.TemporalAAQuality:1                ; more stable temporal accumulation]]
[2020.11.23-10.06.42:029][  0]LogConfig: Setting CVar [[r.DOF.Kernel.MaxForegroundRadius:0.025]]
[2020.11.23-10.06.42:029][  0]LogConfig: Setting CVar [[r.DOF.Kernel.MaxBackgroundRadius:0.025]]
[2020.11.23-10.06.42:029][  0]LogConfig: Applying CVar settings from Section [TextureQuality@3] File [E:/ICanMakeIt/Code/UnrealEngineC/U2004_05_01_Sword3/Saved/Config/Windows/Scalability.ini]
[2020.11.23-10.06.42:029][  0]LogConfig: Setting CVar [[r.Streaming.MipBias:0]]
[2020.11.23-10.06.42:029][  0]LogConfig: Setting CVar [[r.Streaming.AmortizeCPUToGPUCopy:0]]
[2020.11.23-10.06.42:029][  0]LogConfig: Setting CVar [[r.Streaming.MaxNumTexturesToStreamPerFrame:0]]
[2020.11.23-10.06.42:029][  0]LogConfig: Setting CVar [[r.Streaming.Boost:1]]
[2020.11.23-10.06.42:029][  0]LogConfig: Setting CVar [[r.MaxAnisotropy:8]]
[2020.11.23-10.06.42:029][  0]LogConfig: Setting CVar [[r.Streaming.LimitPoolSizeToVRAM:0]]
[2020.11.23-10.06.42:029][  0]LogConfig: Setting CVar [[r.Streaming.PoolSize:1000]]
[2020.11.23-10.06.42:029][  0]LogConfig: Setting CVar [[r.Streaming.MaxEffectiveScreenSize:0]]
[2020.11.23-10.06.42:029][  0]LogConfig: Applying CVar settings from Section [EffectsQuality@1] File [E:/ICanMakeIt/Code/UnrealEngineC/U2004_05_01_Sword3/Saved/Config/Windows/Scalability.ini]
[2020.11.23-10.06.42:029][  0]LogConfig: Setting CVar [[r.TranslucencyLightingVolumeDim:32]]
[2020.11.23-10.06.42:029][  0]LogConfig: Setting CVar [[r.RefractionQuality:0]]
[2020.11.23-10.06.42:029][  0]LogConfig: Setting CVar [[r.SSR.Quality:0]]
[2020.11.23-10.06.42:029][  0]LogConfig: Setting CVar [[r.SceneColorFormat:3]]
[2020.11.23-10.06.42:029][  0]LogConfig: Setting CVar [[r.DetailMode:1]]
[2020.11.23-10.06.42:029][  0]LogConfig: Setting CVar [[r.TranslucencyVolumeBlur:0]]
[2020.11.23-10.06.42:029][  0]LogConfig: Setting CVar [[r.MaterialQualityLevel:2 ; Medium quality]]
[2020.11.23-10.06.42:029][  0]LogConfig: Setting CVar [[r.SSS.Scale:0.75]]
[2020.11.23-10.06.42:029][  0]LogConfig: Setting CVar [[r.SSS.SampleSet:0]]
[2020.11.23-10.06.42:029][  0]LogConfig: Setting CVar [[r.SSS.Quality:0]]
[2020.11.23-10.06.42:029][  0]LogConfig: Setting CVar [[r.SSS.HalfRes:1]]
[2020.11.23-10.06.42:029][  0]LogConfig: Setting CVar [[r.EmitterSpawnRateScale:0.25]]
[2020.11.23-10.06.42:029][  0]LogConfig: Setting CVar [[r.ParticleLightQuality:0]]
[2020.11.23-10.06.42:029][  0]LogConfig: Applying CVar settings from Section [FoliageQuality@3] File [E:/ICanMakeIt/Code/UnrealEngineC/U2004_05_01_Sword3/Saved/Config/Windows/Scalability.ini]
[2020.11.23-10.06.42:029][  0]LogConfig: Setting CVar [[foliage.DensityScale:1.0]]
[2020.11.23-10.06.42:029][  0]LogConfig: Setting CVar [[grass.DensityScale:1.0]]
[2020.11.23-10.06.42:029][  0]LogConfig: Applying CVar settings from Section [Startup] File [../../../Engine/Config/ConsoleVariables.ini]
[2020.11.23-10.06.42:030][  0]LogConfig: Setting CVar [[net.UseAdaptiveNetUpdateFrequency:0]]
[2020.11.23-10.06.42:030][  0]LogConfig: Setting CVar [[p.chaos.AllowCreatePhysxBodies:1]]
[2020.11.23-10.06.42:030][  0]LogConfig: Applying CVar settings from Section [ConsoleVariables] File [E:/ICanMakeIt/Code/UnrealEngineC/U2004_05_01_Sword3/Saved/Config/Windows/Engine.ini]
[2020.11.23-10.06.42:030][  0]LogInit: Computer: DESKTOP-GV16B9P
[2020.11.23-10.06.42:030][  0]LogInit: User: brigh
[2020.11.23-10.06.42:030][  0]LogInit: CPU Page size=4096, Cores=6
[2020.11.23-10.06.42:030][  0]LogInit: High frequency timer resolution =10.000000 MHz
[2020.11.23-10.06.42:031][  0]LogMemory: Memory total: Physical=15.8GB (16GB approx)
[2020.11.23-10.06.42:031][  0]LogMemory: Platform Memory Stats for Windows
[2020.11.23-10.06.42:031][  0]LogMemory: Process Physical Memory: 103.84 MB used, 103.85 MB peak
[2020.11.23-10.06.42:031][  0]LogMemory: Process Virtual Memory: 92.55 MB used, 92.55 MB peak
[2020.11.23-10.06.42:031][  0]LogMemory: Physical Memory: 10021.69 MB used,  6203.94 MB free, 16225.63 MB total
[2020.11.23-10.06.42:031][  0]LogMemory: Virtual Memory: 4714.93 MB used,  134213016.00 MB free, 134217728.00 MB total
[2020.11.23-10.06.42:080][  0]LogDirectoryWatcher: Warning: Failed to begin reading directory changes for E:/ICanMakeIt/Code/UnrealEngineC/U2004_05_01_Sword3/Content/. Error: 지정된 파일을 찾을 수 없습니다. (0x00000002)
[2020.11.23-10.06.42:080][  0]LogInit: Using OS detected language (ko-KR).
[2020.11.23-10.06.42:080][  0]LogInit: Using OS detected locale (ko-KR).
[2020.11.23-10.06.42:084][  0]LogTextLocalizationManager: No specific localization for 'ko-KR' exists, so the 'ko' localization will be used.
[2020.11.23-10.06.42:252][  0]LogInit: Setting process to per monitor DPI aware
[2020.11.23-10.06.42:354][  0]LogSlate: New Slate User Created.  User Index 0, Is Virtual User: 0
[2020.11.23-10.06.42:354][  0]LogSlate: Slate User Registered.  User Index 0, Is Virtual User: 0
[2020.11.23-10.06.44:984][  0]LogHMD: Failed to initialize OpenVR with code 110
[2020.11.23-10.06.44:984][  0]LogD3D11RHI: D3D11 adapters:
[2020.11.23-10.06.45:106][  0]LogD3D11RHI:    0. 'NVIDIA GeForce GTX 1660 Ti' (Feature Level 11_0)
[2020.11.23-10.06.45:106][  0]LogD3D11RHI:       5991/0/8112 MB DedicatedVideo/DedicatedSystem/SharedSystem, Outputs:1, VendorId:0x10de
[2020.11.23-10.06.45:144][  0]LogD3D11RHI:    1. 'Intel(R) UHD Graphics 630' (Feature Level 11_0)
[2020.11.23-10.06.45:144][  0]LogD3D11RHI:       128/0/8112 MB DedicatedVideo/DedicatedSystem/SharedSystem, Outputs:0, VendorId:0x8086
[2020.11.23-10.06.45:147][  0]LogD3D11RHI:    2. 'Microsoft Basic Render Driver' (Feature Level 11_0)
[2020.11.23-10.06.45:147][  0]LogD3D11RHI:       0/0/8112 MB DedicatedVideo/DedicatedSystem/SharedSystem, Outputs:0, VendorId:0x1414
[2020.11.23-10.06.45:147][  0]LogD3D11RHI: Chosen D3D11 Adapter: 0
[2020.11.23-10.06.45:180][  0]LogD3D11RHI: Creating new Direct3DDevice
[2020.11.23-10.06.45:180][  0]LogD3D11RHI:     GPU DeviceId: 0x2191 (for the marketing name, search the web for "GPU Device Id")
[2020.11.23-10.06.45:180][  0]LogWindows: EnumDisplayDevices:
[2020.11.23-10.06.45:180][  0]LogWindows:    0. 'Intel(R) UHD Graphics 630' (P:1 D:1)
[2020.11.23-10.06.45:181][  0]LogWindows:    1. 'Intel(R) UHD Graphics 630' (P:0 D:0)
[2020.11.23-10.06.45:182][  0]LogWindows:    2. 'Intel(R) UHD Graphics 630' (P:0 D:0)
[2020.11.23-10.06.45:183][  0]LogWindows:    3. 'NVIDIA GeForce GTX 1660 Ti' (P:0 D:0)
[2020.11.23-10.06.45:184][  0]LogWindows:    4. 'NVIDIA GeForce GTX 1660 Ti' (P:0 D:0)
[2020.11.23-10.06.45:185][  0]LogWindows:    5. 'NVIDIA GeForce GTX 1660 Ti' (P:0 D:0)
[2020.11.23-10.06.45:186][  0]LogWindows:    6. 'NVIDIA GeForce GTX 1660 Ti' (P:0 D:0)
[2020.11.23-10.06.45:186][  0]LogWindows: DebugString: PrimaryIsNotTheChoosenAdapter PrimaryIsNotTheChoosenAdapter PrimaryIsNotTheChoosenAdapter FoundDriverCount:4 
[2020.11.23-10.06.45:186][  0]LogD3D11RHI:     Adapter Name: NVIDIA GeForce GTX 1660 Ti
[2020.11.23-10.06.45:186][  0]LogD3D11RHI:   Driver Version: 431.23 (internal:26.21.14.3123, unified:431.23)
[2020.11.23-10.06.45:186][  0]LogD3D11RHI:      Driver Date: 6-24-2019
[2020.11.23-10.06.45:186][  0]LogRHI: Texture pool is 4193 MB (70% of 5991 MB)
[2020.11.23-10.06.45:236][  0]LogD3D11RHI: Async texture creation enabled
[2020.11.23-10.06.45:244][  0]LogRendererCore: FGlobalReadBuffer::InitRHI
[2020.11.23-10.06.45:245][  0]LogRendererCore: FGlobalReadBuffer::InitRHI
[2020.11.23-10.06.45:245][  0]LogRendererCore: FGlobalReadBuffer::InitRHI
[2020.11.23-10.06.45:254][  0]LogD3D11RHI: GPU Timing Frequency: 1000.000000 (Debug: 2 1)
[2020.11.23-10.06.45:626][  0]LogTemp: Display: Module 'AllDesktopTargetPlatform' loaded TargetPlatform 'AllDesktop'
[2020.11.23-10.06.45:640][  0]LogTemp: Display: Module 'MacClientTargetPlatform' loaded TargetPlatform 'MacClient'
[2020.11.23-10.06.45:653][  0]LogTemp: Display: Module 'MacNoEditorTargetPlatform' loaded TargetPlatform 'MacNoEditor'
[2020.11.23-10.06.45:666][  0]LogTemp: Display: Module 'MacServerTargetPlatform' loaded TargetPlatform 'MacServer'
[2020.11.23-10.06.45:684][  0]LogTemp: Display: Module 'MacTargetPlatform' loaded TargetPlatform 'Mac'
[2020.11.23-10.06.45:697][  0]LogTemp: Display: Module 'WindowsClientTargetPlatform' loaded TargetPlatform 'WindowsClient'
[2020.11.23-10.06.45:710][  0]LogTemp: Display: Module 'WindowsNoEditorTargetPlatform' loaded TargetPlatform 'WindowsNoEditor'
[2020.11.23-10.06.45:723][  0]LogTemp: Display: Module 'WindowsServerTargetPlatform' loaded TargetPlatform 'WindowsServer'
[2020.11.23-10.06.45:730][  0]LogTemp: Display: Module 'WindowsTargetPlatform' loaded TargetPlatform 'Windows'
[2020.11.23-10.06.45:808][  0]LogTemp: Display: Module 'AndroidTargetPlatform' loaded TargetPlatform 'Android'
[2020.11.23-10.06.45:808][  0]LogTemp: Display: Module 'AndroidTargetPlatform' loaded TargetPlatform 'Android_ASTC'
[2020.11.23-10.06.45:808][  0]LogTemp: Display: Module 'AndroidTargetPlatform' loaded TargetPlatform 'Android_ATC'
[2020.11.23-10.06.45:808][  0]LogTemp: Display: Module 'AndroidTargetPlatform' loaded TargetPlatform 'Android_DXT'
[2020.11.23-10.06.45:808][  0]LogTemp: Display: Module 'AndroidTargetPlatform' loaded TargetPlatform 'Android_ETC1'
[2020.11.23-10.06.45:808][  0]LogTemp: Display: Module 'AndroidTargetPlatform' loaded TargetPlatform 'Android_ETC1a'
[2020.11.23-10.06.45:808][  0]LogTemp: Display: Module 'AndroidTargetPlatform' loaded TargetPlatform 'Android_ETC2'
[2020.11.23-10.06.45:808][  0]LogTemp: Display: Module 'AndroidTargetPlatform' loaded TargetPlatform 'Android_PVRTC'
[2020.11.23-10.06.45:808][  0]LogTemp: Display: Module 'AndroidTargetPlatform' loaded TargetPlatform 'AndroidClient'
[2020.11.23-10.06.45:808][  0]LogTemp: Display: Module 'AndroidTargetPlatform' loaded TargetPlatform 'Android_ASTCClient'
[2020.11.23-10.06.45:808][  0]LogTemp: Display: Module 'AndroidTargetPlatform' loaded TargetPlatform 'Android_ATCClient'
[2020.11.23-10.06.45:808][  0]LogTemp: Display: Module 'AndroidTargetPlatform' loaded TargetPlatform 'Android_DXTClient'
[2020.11.23-10.06.45:808][  0]LogTemp: Display: Module 'AndroidTargetPlatform' loaded TargetPlatform 'Android_ETC1Client'
[2020.11.23-10.06.45:808][  0]LogTemp: Display: Module 'AndroidTargetPlatform' loaded TargetPlatform 'Android_ETC1aClient'
[2020.11.23-10.06.45:808][  0]LogTemp: Display: Module 'AndroidTargetPlatform' loaded TargetPlatform 'Android_ETC2Client'
[2020.11.23-10.06.45:809][  0]LogTemp: Display: Module 'AndroidTargetPlatform' loaded TargetPlatform 'Android_PVRTCClient'
[2020.11.23-10.06.45:809][  0]LogTemp: Display: Module 'AndroidTargetPlatform' loaded TargetPlatform 'Android_Multi'
[2020.11.23-10.06.45:809][  0]LogTemp: Display: Module 'AndroidTargetPlatform' loaded TargetPlatform 'Android_MultiClient'
[2020.11.23-10.06.45:812][  0]LogTemp: Display: Module 'HTML5TargetPlatform' loaded TargetPlatform 'HTML5'
[2020.11.23-10.06.45:870][  0]LogTemp: Display: Module 'IOSTargetPlatform' loaded TargetPlatform 'IOSClient'
[2020.11.23-10.06.45:870][  0]LogTemp: Display: Module 'IOSTargetPlatform' loaded TargetPlatform 'IOS'
[2020.11.23-10.06.45:891][  0]LogTemp: Display: Module 'TVOSTargetPlatform' loaded TargetPlatform 'TVOSClient'
[2020.11.23-10.06.45:891][  0]LogTemp: Display: Module 'TVOSTargetPlatform' loaded TargetPlatform 'TVOS'
[2020.11.23-10.06.45:903][  0]LogTemp: Display: Module 'LinuxClientTargetPlatform' loaded TargetPlatform 'LinuxClient'
[2020.11.23-10.06.45:914][  0]LogTemp: Display: Module 'LinuxNoEditorTargetPlatform' loaded TargetPlatform 'LinuxNoEditor'
[2020.11.23-10.06.45:925][  0]LogTemp: Display: Module 'LinuxServerTargetPlatform' loaded TargetPlatform 'LinuxServer'
[2020.11.23-10.06.45:946][  0]LogTemp: Display: Module 'LinuxTargetPlatform' loaded TargetPlatform 'Linux'
[2020.11.23-10.06.45:989][  0]LogTemp: Display: Module 'LuminTargetPlatform' loaded TargetPlatform 'Lumin'
[2020.11.23-10.06.45:989][  0]LogTemp: Display: Module 'LuminTargetPlatform' loaded TargetPlatform 'LuminClient'
[2020.11.23-10.06.45:989][  0]LogTargetPlatformManager: Display: Building Assets For Windows
[2020.11.23-10.06.46:004][  0]LogAudioDebug: Display: Lib vorbis DLL was dynamically loaded.
[2020.11.23-10.06.46:076][  0]LogShaderCompilers: Guid format shader working directory is -6 characters bigger than the processId version (E:/ICanMakeIt/Code/UnrealEngineC/U2004_05_01_Sword3/Intermediate/Shaders/WorkingDirectory/11920/).
[2020.11.23-10.06.46:076][  0]LogShaderCompilers: Cleaned the shader compiler working directory 'C:/Users/brigh/AppData/Local/Temp/UnrealShaderWorkingDir/03447528432E8251BF178ABA8D547FDB/'.
[2020.11.23-10.06.46:079][  0]LogXGEController: Cannot use XGE Controller as Incredibuild is not installed on this machine.
[2020.11.23-10.06.46:079][  0]LogShaderCompilers: Cannot use XGE Shader Compiler as Incredibuild is not installed on this machine.
[2020.11.23-10.06.46:079][  0]LogShaderCompilers: Display: Using Local Shader Compiler.
[2020.11.23-10.06.48:224][  0]LogDerivedDataCache: Display: Max Cache Size: 512 MB
[2020.11.23-10.06.48:333][  0]LogDerivedDataCache: Loaded boot cache 0.11s 77MB C:/Users/brigh/AppData/Local/UnrealEngine/4.22/DerivedDataCache/Boot.ddc.
[2020.11.23-10.06.48:333][  0]LogDerivedDataCache: Display: Loaded Boot cache: C:/Users/brigh/AppData/Local/UnrealEngine/4.22/DerivedDataCache/Boot.ddc
[2020.11.23-10.06.48:333][  0]LogDerivedDataCache: FDerivedDataBackendGraph:  Pak pak cache file E:/ICanMakeIt/Code/UnrealEngineC/U2004_05_01_Sword3/DerivedDataCache/DDC.ddp not found, will not use a pak cache.
[2020.11.23-10.06.48:333][  0]LogDerivedDataCache: Unable to find inner node Pak for hierarchical cache Hierarchy.
[2020.11.23-10.06.48:333][  0]LogDerivedDataCache: FDerivedDataBackendGraph:  CompressedPak pak cache file E:/ICanMakeIt/Code/UnrealEngineC/U2004_05_01_Sword3/DerivedDataCache/Compressed.ddp not found, will not use a pak cache.
[2020.11.23-10.06.48:333][  0]LogDerivedDataCache: Unable to find inner node CompressedPak for hierarchical cache Hierarchy.
[2020.11.23-10.06.48:344][  0]LogDerivedDataCache: Display: Pak cache opened for reading ../../../Engine/DerivedDataCache/Compressed.ddp.
[2020.11.23-10.06.48:344][  0]LogDerivedDataCache: FDerivedDataBackendGraph:  EnterprisePak pak cache file ../../../Enterprise/DerivedDataCache/Compressed.ddp not found, will not use a pak cache.
[2020.11.23-10.06.48:344][  0]LogDerivedDataCache: Unable to find inner node EnterprisePak for hierarchical cache Hierarchy.
[2020.11.23-10.06.48:356][  0]LogDerivedDataCache: Using Local data cache path C:/Users/brigh/AppData/Local/UnrealEngine/Common/DerivedDataCache: Writable
[2020.11.23-10.06.48:356][  0]LogDerivedDataCache: Shared data cache path not found in *engine.ini, will not use an Shared cache.
[2020.11.23-10.06.48:356][  0]LogDerivedDataCache: Unable to find inner node Shared for hierarchical cache Hierarchy.
[2020.11.23-10.06.48:375][  0]LogMaterial: Verifying Global Shaders for PCD3D_SM5
[2020.11.23-10.06.48:377][  0]LogSlate: Using FreeType 2.6.0
[2020.11.23-10.06.48:386][  0]LogSlate: SlateFontServices - WITH_FREETYPE: 1, WITH_HARFBUZZ: 1
[2020.11.23-10.06.48:537][  0]LogAssetRegistry: FAssetRegistry took 0.0331 seconds to start up
[2020.11.23-10.06.48:870][  0]LogInit: Selected Device Profile: [Windows]
[2020.11.23-10.06.49:110][  0]LogMeshReduction: Using QuadricMeshReduction for automatic static mesh reduction
[2020.11.23-10.06.49:110][  0]LogMeshReduction: Using SimplygonMeshReduction for automatic skeletal mesh reduction
[2020.11.23-10.06.49:110][  0]LogMeshReduction: Using ProxyLODMeshReduction for automatic mesh merging
[2020.11.23-10.06.49:110][  0]LogMeshReduction: No distributed automatic mesh merging module available
[2020.11.23-10.06.49:110][  0]LogMeshMerging: No distributed automatic mesh merging module available
[2020.11.23-10.06.49:158][  0]LogNetVersion: U2004_05_Combat 1.0.0, NetCL: 5660361, EngineNetVer: 10, GameNetVer: 0 (Checksum: 1850049008)
[2020.11.23-10.06.49:694][  0]LogPackageLocalizationCache: Processed 10 localized package path(s) for 1 prioritized culture(s) in 0.033236 seconds
[2020.11.23-10.06.49:699][  0]LogUObjectArray: 42205 objects as part of root set at end of initial load.
[2020.11.23-10.06.49:699][  0]LogUObjectAllocator: 7325032 out of 0 bytes used by permanent object pool.
[2020.11.23-10.06.49:699][  0]LogUObjectArray: CloseDisregardForGC: 0/0 objects in disregard for GC pool
[2020.11.23-10.06.51:203][  0]LogTcpMessaging: Initializing TcpMessaging bridge
[2020.11.23-10.06.51:229][  0]LogUdpMessaging: Initializing bridge on interface 0.0.0.0:0 to multicast group 230.0.0.1:6666.
[2020.11.23-10.06.51:334][  0]LogLinker: Warning: '/Game/Player/BP_CameraShake' 파일을 찾을 수 없습니다.
[2020.11.23-10.06.51:334][  0]LogLinker: Warning: '/Game/Player/BP_CameraShake' 파일을 찾을 수 없습니다.
[2020.11.23-10.06.51:334][  0]LogUObjectGlobals: Warning: 'Class /Game/Player/BP_CameraShake.BP_CameraShake_C' 오브젝트를 찾는 데 실패했습니다.
[2020.11.23-10.06.51:334][  0]Error: CDO Constructor (CAnimNotify_CameraShake): Failed to find /Game/Player/BP_CameraShake.BP_CameraShake_C

[2020.11.23-10.06.51:334][  0]LogWindows: Windows GetLastError: 작업을 완료했습니다. (0)
[2020.11.23-10.06.52:631][  0]LogWindows: Error: === Critical error: ===
[2020.11.23-10.06.52:631][  0]LogWindows: Error: 
[2020.11.23-10.06.52:631][  0]LogWindows: Error: Assertion failed: asset.Succeeded() [File:e:\icanmakeit\code\unrealenginec\u2004_05_01_sword3\source\u2004_05_combat\Utilities/CContentFinder.h] [Line: 32] 
[2020.11.23-10.06.52:631][  0]LogWindows: Error: asset not found
[2020.11.23-10.06.52:631][  0]LogWindows: Error: 
[2020.11.23-10.06.52:631][  0]LogWindows: Error: 
[2020.11.23-10.06.52:631][  0]LogWindows: Error: [Callstack] 0x00007ff9846f3b29 KERNELBASE.dll!UnknownFunction []
[2020.11.23-10.06.52:631][  0]LogWindows: Error: [Callstack] 0x00007ff93ab61f37 UE4Editor-Core.dll!UnknownFunction []
[2020.11.23-10.06.52:631][  0]LogWindows: Error: [Callstack] 0x00007ff93ab646e7 UE4Editor-Core.dll!UnknownFunction []
[2020.11.23-10.06.52:631][  0]LogWindows: Error: [Callstack] 0x00007ff93a977d1a UE4Editor-Core.dll!UnknownFunction []
[2020.11.23-10.06.52:631][  0]LogWindows: Error: [Callstack] 0x00007ff93a8ffe33 UE4Editor-Core.dll!UnknownFunction []
[2020.11.23-10.06.52:631][  0]LogWindows: Error: [Callstack] 0x00007ff93a9004d0 UE4Editor-Core.dll!UnknownFunction []
[2020.11.23-10.06.52:631][  0]LogWindows: Error: [Callstack] 0x00007ff93d45b04d UE4Editor-U2004_05_Combat.dll!CContentFinder::GetClass<UCameraShake>() [e:\icanmakeit\code\unrealenginec\u2004_05_01_sword3\source\u2004_05_combat\utilities\ccontentfinder.h:32]
[2020.11.23-10.06.52:631][  0]LogWindows: Error: [Callstack] 0x00007ff93d45b12d UE4Editor-U2004_05_Combat.dll!UCAnimNotify_CameraShake::UCAnimNotify_CameraShake() [e:\icanmakeit\code\unrealenginec\u2004_05_01_sword3\source\u2004_05_combat\notifies\canimnotify_camerashake.cpp:10]
[2020.11.23-10.06.52:631][  0]LogWindows: Error: [Callstack] 0x00007ff93789610f UE4Editor-CoreUObject.dll!UnknownFunction []
[2020.11.23-10.06.52:631][  0]LogWindows: Error: [Callstack] 0x00007ff937ad1056 UE4Editor-CoreUObject.dll!UnknownFunction []
[2020.11.23-10.06.52:631][  0]LogWindows: Error: [Callstack] 0x00007ff937abedef UE4Editor-CoreUObject.dll!UnknownFunction []
[2020.11.23-10.06.52:631][  0]LogWindows: Error: [Callstack] 0x00007ff93789a727 UE4Editor-CoreUObject.dll!UnknownFunction []
[2020.11.23-10.06.52:631][  0]LogWindows: Error: [Callstack] 0x00007ff93a7f4a2b UE4Editor-Core.dll!UnknownFunction []
[2020.11.23-10.06.52:631][  0]LogWindows: Error: [Callstack] 0x00007ff93a9c5cb5 UE4Editor-Core.dll!UnknownFunction []
[2020.11.23-10.06.52:631][  0]LogWindows: Error: [Callstack] 0x00007ff95e528d67 UE4Editor-Projects.dll!UnknownFunction []
[2020.11.23-10.06.52:631][  0]LogWindows: Error: [Callstack] 0x00007ff95e528ff7 UE4Editor-Projects.dll!UnknownFunction []
[2020.11.23-10.06.52:631][  0]LogWindows: Error: [Callstack] 0x00007ff7db3a7eb1 UE4Editor.exe!UnknownFunction []
[2020.11.23-10.06.52:631][  0]LogWindows: Error: [Callstack] 0x00007ff7db3ad671 UE4Editor.exe!UnknownFunction []
[2020.11.23-10.06.52:631][  0]LogWindows: Error: [Callstack] 0x00007ff7db3a5377 UE4Editor.exe!UnknownFunction []
[2020.11.23-10.06.52:631][  0]LogWindows: Error: [Callstack] 0x00007ff7db3a55ca UE4Editor.exe!UnknownFunction []
[2020.11.23-10.06.52:631][  0]LogWindows: Error: [Callstack] 0x00007ff7db3b316c UE4Editor.exe!UnknownFunction []
[2020.11.23-10.06.52:631][  0]LogWindows: Error: [Callstack] 0x00007ff7db3b5b8e UE4Editor.exe!UnknownFunction []
[2020.11.23-10.06.52:631][  0]LogWindows: Error: [Callstack] 0x00007ff985237c24 KERNEL32.DLL!UnknownFunction []
[2020.11.23-10.06.52:631][  0]LogWindows: Error: [Callstack] 0x00007ff986acd4d1 ntdll.dll!UnknownFunction []
[2020.11.23-10.06.52:631][  0]LogWindows: Error: 
[2020.11.23-10.06.52:651][  0]LogExit: Executing StaticShutdownAfterError
[2020.11.23-10.06.52:656][  0]LogWindows: FPlatformMisc::RequestExit(1)
[2020.11.23-10.06.52:662][  0]Log file closed, 11/23/20 19:06:52
